[debug] [2025-06-10T14:11:33.636Z] ----------------------------------------------------------------------
[debug] [2025-06-10T14:11:33.638Z] Command:       C:\Program Files\nodejs\node.exe C:\Users\Tomy\AppData\Roaming\npm\node_modules\firebase-tools\lib\bin\firebase.js init
[debug] [2025-06-10T14:11:33.638Z] CLI Version:   14.6.0
[debug] [2025-06-10T14:11:33.638Z] Platform:      win32
[debug] [2025-06-10T14:11:33.638Z] Node Version:  v22.14.0
[debug] [2025-06-10T14:11:33.638Z] Time:          Tue Jun 10 2025 11:11:33 GMT-0300 (hora estándar de Argentina)
[debug] [2025-06-10T14:11:33.639Z] ----------------------------------------------------------------------
[debug] 
[debug] [2025-06-10T14:11:33.784Z] > command requires scopes: ["email","openid","https://www.googleapis.com/auth/cloudplatformprojects.readonly","https://www.googleapis.com/auth/firebase","https://www.googleapis.com/auth/cloud-platform"]
[debug] [2025-06-10T14:11:33.784Z] > authorizing via signed-in user (approxs2@gmail.com)
[info] 
     ######## #### ########  ######## ########     ###     ######  ########
     ##        ##  ##     ## ##       ##     ##  ##   ##  ##       ##
     ######    ##  ########  ######   ########  #########  ######  ######
     ##        ##  ##    ##  ##       ##     ## ##     ##       ## ##
     ##       #### ##     ## ######## ########  ##     ##  ######  ########

You're about to initialize a Firebase project in this directory:

  D:\patria-y-palabras-web

Before we get started, keep in mind:

  * You are initializing within an existing Firebase project directory

[debug] [2025-06-10T14:11:46.942Z] ExitPromptError: User force closed the prompt with SIGINT
    at Interface.sigint (C:\Users\Tomy\AppData\Roaming\npm\node_modules\firebase-tools\node_modules\@inquirer\core\dist\commonjs\lib\create-prompt.js:101:37)
    at Interface.emit (node:events:518:28)
    at Interface.emit (node:domain:489:12)
    at [_ttyWrite] [as _ttyWrite] (node:internal/readline/interface:1124:18)
    at ReadStream.onkeypress (node:internal/readline/interface:263:20)
    at ReadStream.emit (node:events:530:35)
    at ReadStream.emit (node:domain:489:12)
    at emitKeys (node:internal/readline/utils:370:14)
    at emitKeys.next (<anonymous>)
    at ReadStream.onData (node:internal/readline/emitKeypressEvents:64:36)
[error] 
[error] Error: An unexpected error has occurred.
